{"C:\\Users\\mutir\\OneDrive\\Desktop\\Manake\\manake-mobile\\services\\biometric.ts": {"path":"C:\\Users\\mutir\\OneDrive\\Desktop\\Manake\\manake-mobile\\services\\biometric.ts","statementMap":{"0":{"start":{"line":23,"column":31},"end":{"line":23,"column":35}},"1":{"start":{"line":28,"column":2},"end":{"line":28,"column":54}},"2":{"start":{"line":28,"column":27},"end":{"line":28,"column":54}},"3":{"start":{"line":29,"column":2},"end":{"line":34,"column":3}},"4":{"start":{"line":30,"column":21},"end":{"line":30,"column":57}},"5":{"start":{"line":31,"column":4},"end":{"line":31,"column":56}},"6":{"start":{"line":33,"column":4},"end":{"line":33,"column":31}},"7":{"start":{"line":35,"column":2},"end":{"line":35,"column":29}},"8":{"start":{"line":39,"column":2},"end":{"line":39,"column":49}},"9":{"start":{"line":39,"column":35},"end":{"line":39,"column":49}},"10":{"start":{"line":40,"column":2},"end":{"line":40,"column":75}},"11":{"start":{"line":40,"column":54},"end":{"line":40,"column":75}},"12":{"start":{"line":41,"column":2},"end":{"line":41,"column":77}},"13":{"start":{"line":41,"column":61},"end":{"line":41,"column":77}},"14":{"start":{"line":42,"column":2},"end":{"line":42,"column":61}},"15":{"start":{"line":42,"column":47},"end":{"line":42,"column":61}},"16":{"start":{"line":43,"column":2},"end":{"line":43,"column":16}},"17":{"start":{"line":47,"column":2},"end":{"line":47,"column":51}},"18":{"start":{"line":47,"column":34},"end":{"line":47,"column":51}},"19":{"start":{"line":48,"column":2},"end":{"line":48,"column":60}},"20":{"start":{"line":48,"column":39},"end":{"line":48,"column":60}},"21":{"start":{"line":49,"column":2},"end":{"line":49,"column":46}},"22":{"start":{"line":49,"column":32},"end":{"line":49,"column":46}},"23":{"start":{"line":50,"column":2},"end":{"line":50,"column":22}},"24":{"start":{"line":54,"column":2},"end":{"line":87,"column":3}},"25":{"start":{"line":55,"column":16},"end":{"line":55,"column":43}},"26":{"start":{"line":56,"column":4},"end":{"line":58,"column":5}},"27":{"start":{"line":57,"column":6},"end":{"line":57,"column":78}},"28":{"start":{"line":60,"column":24},"end":{"line":60,"column":52}},"29":{"start":{"line":61,"column":4},"end":{"line":63,"column":5}},"30":{"start":{"line":62,"column":6},"end":{"line":62,"column":78}},"31":{"start":{"line":65,"column":21},"end":{"line":65,"column":48}},"32":{"start":{"line":66,"column":4},"end":{"line":68,"column":5}},"33":{"start":{"line":67,"column":6},"end":{"line":67,"column":78}},"34":{"start":{"line":70,"column":37},"end":{"line":70,"column":82}},"35":{"start":{"line":71,"column":19},"end":{"line":73,"column":32}},"36":{"start":{"line":72,"column":18},"end":{"line":72,"column":52}},"37":{"start":{"line":73,"column":19},"end":{"line":73,"column":31}},"38":{"start":{"line":75,"column":4},"end":{"line":79,"column":6}},"39":{"start":{"line":81,"column":4},"end":{"line":86,"column":6}},"40":{"start":{"line":93,"column":2},"end":{"line":117,"column":3}},"41":{"start":{"line":94,"column":16},"end":{"line":94,"column":43}},"42":{"start":{"line":95,"column":4},"end":{"line":97,"column":5}},"43":{"start":{"line":96,"column":6},"end":{"line":96,"column":67}},"44":{"start":{"line":99,"column":19},"end":{"line":104,"column":6}},"45":{"start":{"line":106,"column":4},"end":{"line":106,"column":50}},"46":{"start":{"line":106,"column":25},"end":{"line":106,"column":50}},"47":{"start":{"line":108,"column":4},"end":{"line":111,"column":6}},"48":{"start":{"line":113,"column":4},"end":{"line":116,"column":6}}},"fnMap":{"0":{"name":"loadBiometricModule","decl":{"start":{"line":27,"column":15},"end":{"line":27,"column":34}},"loc":{"start":{"line":27,"column":37},"end":{"line":36,"column":1}},"line":27},"1":{"name":"mapAuthTypeToBiometricType","decl":{"start":{"line":38,"column":9},"end":{"line":38,"column":35}},"loc":{"start":{"line":38,"column":78},"end":{"line":44,"column":1}},"line":38},"2":{"name":"getBiometricLabel","decl":{"start":{"line":46,"column":16},"end":{"line":46,"column":33}},"loc":{"start":{"line":46,"column":72},"end":{"line":51,"column":1}},"line":46},"3":{"name":"getBiometricStatus","decl":{"start":{"line":53,"column":22},"end":{"line":53,"column":40}},"loc":{"start":{"line":53,"column":69},"end":{"line":88,"column":1}},"line":53},"4":{"name":"(anonymous_4)","decl":{"start":{"line":72,"column":11},"end":{"line":72,"column":12}},"loc":{"start":{"line":72,"column":18},"end":{"line":72,"column":52}},"line":72},"5":{"name":"(anonymous_5)","decl":{"start":{"line":73,"column":12},"end":{"line":73,"column":13}},"loc":{"start":{"line":73,"column":19},"end":{"line":73,"column":31}},"line":73},"6":{"name":"authenticateBiometric","decl":{"start":{"line":90,"column":22},"end":{"line":90,"column":43}},"loc":{"start":{"line":92,"column":28},"end":{"line":118,"column":1}},"line":92}},"branchMap":{"0":{"loc":{"start":{"line":28,"column":2},"end":{"line":28,"column":54}},"type":"if","locations":[{"start":{"line":28,"column":2},"end":{"line":28,"column":54}},{"start":{},"end":{}}],"line":28},"1":{"loc":{"start":{"line":31,"column":26},"end":{"line":31,"column":55}},"type":"binary-expr","locations":[{"start":{"line":31,"column":26},"end":{"line":31,"column":43}},{"start":{"line":31,"column":47},"end":{"line":31,"column":55}}],"line":31},"2":{"loc":{"start":{"line":39,"column":2},"end":{"line":39,"column":49}},"type":"if","locations":[{"start":{"line":39,"column":2},"end":{"line":39,"column":49}},{"start":{},"end":{}}],"line":39},"3":{"loc":{"start":{"line":40,"column":2},"end":{"line":40,"column":75}},"type":"if","locations":[{"start":{"line":40,"column":2},"end":{"line":40,"column":75}},{"start":{},"end":{}}],"line":40},"4":{"loc":{"start":{"line":41,"column":2},"end":{"line":41,"column":77}},"type":"if","locations":[{"start":{"line":41,"column":2},"end":{"line":41,"column":77}},{"start":{},"end":{}}],"line":41},"5":{"loc":{"start":{"line":42,"column":2},"end":{"line":42,"column":61}},"type":"if","locations":[{"start":{"line":42,"column":2},"end":{"line":42,"column":61}},{"start":{},"end":{}}],"line":42},"6":{"loc":{"start":{"line":47,"column":2},"end":{"line":47,"column":51}},"type":"if","locations":[{"start":{"line":47,"column":2},"end":{"line":47,"column":51}},{"start":{},"end":{}}],"line":47},"7":{"loc":{"start":{"line":48,"column":2},"end":{"line":48,"column":60}},"type":"if","locations":[{"start":{"line":48,"column":2},"end":{"line":48,"column":60}},{"start":{},"end":{}}],"line":48},"8":{"loc":{"start":{"line":49,"column":2},"end":{"line":49,"column":46}},"type":"if","locations":[{"start":{"line":49,"column":2},"end":{"line":49,"column":46}},{"start":{},"end":{}}],"line":49},"9":{"loc":{"start":{"line":56,"column":4},"end":{"line":58,"column":5}},"type":"if","locations":[{"start":{"line":56,"column":4},"end":{"line":58,"column":5}},{"start":{},"end":{}}],"line":56},"10":{"loc":{"start":{"line":61,"column":4},"end":{"line":63,"column":5}},"type":"if","locations":[{"start":{"line":61,"column":4},"end":{"line":63,"column":5}},{"start":{},"end":{}}],"line":61},"11":{"loc":{"start":{"line":66,"column":4},"end":{"line":68,"column":5}},"type":"if","locations":[{"start":{"line":66,"column":4},"end":{"line":68,"column":5}},{"start":{},"end":{}}],"line":66},"12":{"loc":{"start":{"line":78,"column":21},"end":{"line":78,"column":37}},"type":"binary-expr","locations":[{"start":{"line":78,"column":21},"end":{"line":78,"column":27}},{"start":{"line":78,"column":31},"end":{"line":78,"column":37}}],"line":78},"13":{"loc":{"start":{"line":85,"column":13},"end":{"line":85,"column":74}},"type":"cond-expr","locations":[{"start":{"line":85,"column":34},"end":{"line":85,"column":43}},{"start":{"line":85,"column":46},"end":{"line":85,"column":74}}],"line":85},"14":{"loc":{"start":{"line":95,"column":4},"end":{"line":97,"column":5}},"type":"if","locations":[{"start":{"line":95,"column":4},"end":{"line":97,"column":5}},{"start":{},"end":{}}],"line":95},"15":{"loc":{"start":{"line":106,"column":4},"end":{"line":106,"column":50}},"type":"if","locations":[{"start":{"line":106,"column":4},"end":{"line":106,"column":50}},{"start":{},"end":{}}],"line":106},"16":{"loc":{"start":{"line":110,"column":13},"end":{"line":110,"column":56}},"type":"binary-expr","locations":[{"start":{"line":110,"column":13},"end":{"line":110,"column":26}},{"start":{"line":110,"column":30},"end":{"line":110,"column":56}}],"line":110},"17":{"loc":{"start":{"line":115,"column":13},"end":{"line":115,"column":69}},"type":"cond-expr","locations":[{"start":{"line":115,"column":34},"end":{"line":115,"column":43}},{"start":{"line":115,"column":46},"end":{"line":115,"column":69}}],"line":115}},"s":{"0":1,"1":3,"2":2,"3":1,"4":1,"5":1,"6":0,"7":1,"8":1,"9":0,"10":1,"11":1,"12":0,"13":0,"14":0,"15":0,"16":0,"17":4,"18":1,"19":3,"20":1,"21":2,"22":1,"23":1,"24":2,"25":2,"26":2,"27":0,"28":2,"29":2,"30":0,"31":2,"32":2,"33":1,"34":1,"35":1,"36":1,"37":1,"38":1,"39":0,"40":1,"41":1,"42":1,"43":0,"44":1,"45":1,"46":1,"47":0,"48":0},"f":{"0":3,"1":1,"2":4,"3":2,"4":1,"5":1,"6":1},"b":{"0":[2,1],"1":[1,1],"2":[0,1],"3":[1,0],"4":[0,0],"5":[0,0],"6":[1,3],"7":[1,2],"8":[1,1],"9":[0,2],"10":[0,2],"11":[1,1],"12":[1,0],"13":[0,0],"14":[0,1],"15":[1,0],"16":[0,0],"17":[0,0]},"_coverageSchema":"1a1c01bbd47fc00a2c39e90264f33305004495a9","hash":"e75e9441ca8ce4a811af5376539045d9edbae480"}
,"C:\\Users\\mutir\\OneDrive\\Desktop\\Manake\\manake-mobile\\services\\storage.ts": {"path":"C:\\Users\\mutir\\OneDrive\\Desktop\\Manake\\manake-mobile\\services\\storage.ts","statementMap":{"0":{"start":{"line":5,"column":28},"end":{"line":10,"column":10}},"1":{"start":{"line":19,"column":44},"end":{"line":19,"column":53}},"2":{"start":{"line":25,"column":4},"end":{"line":38,"column":5}},"3":{"start":{"line":26,"column":6},"end":{"line":34,"column":7}},"4":{"start":{"line":28,"column":8},"end":{"line":28,"column":40}},"5":{"start":{"line":29,"column":8},"end":{"line":31,"column":9}},"6":{"start":{"line":30,"column":10},"end":{"line":30,"column":43}},"7":{"start":{"line":33,"column":8},"end":{"line":33,"column":51}},"8":{"start":{"line":36,"column":6},"end":{"line":36,"column":54}},"9":{"start":{"line":37,"column":6},"end":{"line":37,"column":18}},"10":{"start":{"line":45,"column":4},"end":{"line":57,"column":5}},"11":{"start":{"line":46,"column":6},"end":{"line":52,"column":7}},"12":{"start":{"line":48,"column":8},"end":{"line":50,"column":9}},"13":{"start":{"line":49,"column":10},"end":{"line":49,"column":43}},"14":{"start":{"line":51,"column":8},"end":{"line":51,"column":48}},"15":{"start":{"line":53,"column":6},"end":{"line":53,"column":49}},"16":{"start":{"line":55,"column":6},"end":{"line":55,"column":57}},"17":{"start":{"line":56,"column":6},"end":{"line":56,"column":18}},"18":{"start":{"line":64,"column":4},"end":{"line":76,"column":5}},"19":{"start":{"line":65,"column":6},"end":{"line":72,"column":7}},"20":{"start":{"line":66,"column":8},"end":{"line":66,"column":36}},"21":{"start":{"line":67,"column":8},"end":{"line":69,"column":9}},"22":{"start":{"line":68,"column":10},"end":{"line":68,"column":39}},"23":{"start":{"line":71,"column":8},"end":{"line":71,"column":47}},"24":{"start":{"line":74,"column":6},"end":{"line":74,"column":55}},"25":{"start":{"line":75,"column":6},"end":{"line":75,"column":18}},"26":{"start":{"line":83,"column":22},"end":{"line":83,"column":43}},"27":{"start":{"line":84,"column":4},"end":{"line":84,"column":39}},"28":{"start":{"line":91,"column":22},"end":{"line":91,"column":45}},"29":{"start":{"line":92,"column":4},"end":{"line":92,"column":32}},"30":{"start":{"line":92,"column":20},"end":{"line":92,"column":32}},"31":{"start":{"line":93,"column":4},"end":{"line":98,"column":5}},"32":{"start":{"line":94,"column":6},"end":{"line":94,"column":40}},"33":{"start":{"line":96,"column":6},"end":{"line":96,"column":54}},"34":{"start":{"line":97,"column":6},"end":{"line":97,"column":18}},"35":{"start":{"line":105,"column":17},"end":{"line":105,"column":44}},"36":{"start":{"line":106,"column":4},"end":{"line":106,"column":63}},"37":{"start":{"line":106,"column":40},"end":{"line":106,"column":60}},"38":{"start":{"line":111,"column":29},"end":{"line":111,"column":55}}},"fnMap":{"0":{"name":"(anonymous_0)","decl":{"start":{"line":24,"column":2},"end":{"line":24,"column":3}},"loc":{"start":{"line":24,"column":63},"end":{"line":39,"column":3}},"line":24},"1":{"name":"(anonymous_1)","decl":{"start":{"line":44,"column":2},"end":{"line":44,"column":3}},"loc":{"start":{"line":44,"column":57},"end":{"line":58,"column":3}},"line":44},"2":{"name":"(anonymous_2)","decl":{"start":{"line":63,"column":2},"end":{"line":63,"column":3}},"loc":{"start":{"line":63,"column":51},"end":{"line":77,"column":3}},"line":63},"3":{"name":"(anonymous_3)","decl":{"start":{"line":82,"column":2},"end":{"line":82,"column":3}},"loc":{"start":{"line":82,"column":63},"end":{"line":85,"column":3}},"line":82},"4":{"name":"(anonymous_4)","decl":{"start":{"line":90,"column":2},"end":{"line":90,"column":3}},"loc":{"start":{"line":90,"column":57},"end":{"line":99,"column":3}},"line":90},"5":{"name":"(anonymous_5)","decl":{"start":{"line":104,"column":2},"end":{"line":104,"column":3}},"loc":{"start":{"line":104,"column":34},"end":{"line":107,"column":3}},"line":104},"6":{"name":"(anonymous_6)","decl":{"start":{"line":106,"column":31},"end":{"line":106,"column":32}},"loc":{"start":{"line":106,"column":40},"end":{"line":106,"column":60}},"line":106}},"branchMap":{"0":{"loc":{"start":{"line":26,"column":6},"end":{"line":34,"column":7}},"type":"if","locations":[{"start":{"line":26,"column":6},"end":{"line":34,"column":7}},{"start":{"line":32,"column":13},"end":{"line":34,"column":7}}],"line":26},"1":{"loc":{"start":{"line":29,"column":8},"end":{"line":31,"column":9}},"type":"if","locations":[{"start":{"line":29,"column":8},"end":{"line":31,"column":9}},{"start":{},"end":{}}],"line":29},"2":{"loc":{"start":{"line":46,"column":6},"end":{"line":52,"column":7}},"type":"if","locations":[{"start":{"line":46,"column":6},"end":{"line":52,"column":7}},{"start":{},"end":{}}],"line":46},"3":{"loc":{"start":{"line":48,"column":8},"end":{"line":50,"column":9}},"type":"if","locations":[{"start":{"line":48,"column":8},"end":{"line":50,"column":9}},{"start":{},"end":{}}],"line":48},"4":{"loc":{"start":{"line":51,"column":15},"end":{"line":51,"column":47}},"type":"binary-expr","locations":[{"start":{"line":51,"column":15},"end":{"line":51,"column":39}},{"start":{"line":51,"column":43},"end":{"line":51,"column":47}}],"line":51},"5":{"loc":{"start":{"line":65,"column":6},"end":{"line":72,"column":7}},"type":"if","locations":[{"start":{"line":65,"column":6},"end":{"line":72,"column":7}},{"start":{"line":70,"column":13},"end":{"line":72,"column":7}}],"line":65},"6":{"loc":{"start":{"line":67,"column":8},"end":{"line":69,"column":9}},"type":"if","locations":[{"start":{"line":67,"column":8},"end":{"line":69,"column":9}},{"start":{},"end":{}}],"line":67},"7":{"loc":{"start":{"line":92,"column":4},"end":{"line":92,"column":32}},"type":"if","locations":[{"start":{"line":92,"column":4},"end":{"line":92,"column":32}},{"start":{},"end":{}}],"line":92}},"s":{"0":1,"1":1,"2":2,"3":2,"4":0,"5":0,"6":0,"7":2,"8":0,"9":0,"10":4,"11":4,"12":0,"13":0,"14":0,"15":4,"16":0,"17":0,"18":1,"19":1,"20":0,"21":0,"22":0,"23":1,"24":0,"25":0,"26":1,"27":1,"28":2,"29":2,"30":0,"31":2,"32":2,"33":1,"34":1,"35":0,"36":0,"37":0,"38":1},"f":{"0":2,"1":4,"2":1,"3":1,"4":2,"5":0,"6":0},"b":{"0":[0,2],"1":[0,0],"2":[0,4],"3":[0,0],"4":[0,0],"5":[0,1],"6":[0,0],"7":[0,2]},"_coverageSchema":"1a1c01bbd47fc00a2c39e90264f33305004495a9","hash":"6e23d35c0854f57219aba2ea55066702895c17ad"}
,"C:\\Users\\mutir\\OneDrive\\Desktop\\Manake\\manake-mobile\\store\\authStore.ts": {"path":"C:\\Users\\mutir\\OneDrive\\Desktop\\Manake\\manake-mobile\\store\\authStore.ts","statementMap":{"0":{"start":{"line":17,"column":28},"end":{"line":212,"column":3}},"1":{"start":{"line":17,"column":61},"end":{"line":212,"column":1}},"2":{"start":{"line":27,"column":4},"end":{"line":27,"column":42}},"3":{"start":{"line":28,"column":4},"end":{"line":47,"column":5}},"4":{"start":{"line":29,"column":23},"end":{"line":29,"column":55}},"5":{"start":{"line":30,"column":6},"end":{"line":40,"column":7}},"6":{"start":{"line":31,"column":8},"end":{"line":31,"column":42}},"7":{"start":{"line":32,"column":8},"end":{"line":37,"column":11}},"8":{"start":{"line":39,"column":8},"end":{"line":39,"column":60}},"9":{"start":{"line":42,"column":6},"end":{"line":45,"column":9}},"10":{"start":{"line":46,"column":6},"end":{"line":46,"column":18}},"11":{"start":{"line":51,"column":4},"end":{"line":51,"column":42}},"12":{"start":{"line":52,"column":4},"end":{"line":71,"column":5}},"13":{"start":{"line":53,"column":23},"end":{"line":53,"column":51}},"14":{"start":{"line":54,"column":6},"end":{"line":64,"column":7}},"15":{"start":{"line":55,"column":8},"end":{"line":55,"column":42}},"16":{"start":{"line":56,"column":8},"end":{"line":61,"column":11}},"17":{"start":{"line":63,"column":8},"end":{"line":63,"column":67}},"18":{"start":{"line":66,"column":6},"end":{"line":69,"column":9}},"19":{"start":{"line":70,"column":6},"end":{"line":70,"column":18}},"20":{"start":{"line":75,"column":4},"end":{"line":75,"column":42}},"21":{"start":{"line":76,"column":4},"end":{"line":99,"column":5}},"22":{"start":{"line":78,"column":8},"end":{"line":80,"column":58}},"23":{"start":{"line":82,"column":6},"end":{"line":92,"column":7}},"24":{"start":{"line":83,"column":8},"end":{"line":83,"column":51}},"25":{"start":{"line":84,"column":8},"end":{"line":89,"column":11}},"26":{"start":{"line":91,"column":8},"end":{"line":91,"column":67}},"27":{"start":{"line":94,"column":6},"end":{"line":97,"column":9}},"28":{"start":{"line":98,"column":6},"end":{"line":98,"column":18}},"29":{"start":{"line":103,"column":4},"end":{"line":103,"column":29}},"30":{"start":{"line":104,"column":4},"end":{"line":117,"column":5}},"31":{"start":{"line":105,"column":6},"end":{"line":105,"column":29}},"32":{"start":{"line":109,"column":6},"end":{"line":109,"column":25}},"33":{"start":{"line":110,"column":6},"end":{"line":116,"column":9}},"34":{"start":{"line":121,"column":22},"end":{"line":121,"column":27}},"35":{"start":{"line":122,"column":4},"end":{"line":125,"column":5}},"36":{"start":{"line":123,"column":6},"end":{"line":123,"column":32}},"37":{"start":{"line":124,"column":6},"end":{"line":124,"column":13}},"38":{"start":{"line":127,"column":4},"end":{"line":127,"column":29}},"39":{"start":{"line":128,"column":4},"end":{"line":148,"column":5}},"40":{"start":{"line":129,"column":23},"end":{"line":129,"column":49}},"41":{"start":{"line":130,"column":6},"end":{"line":138,"column":7}},"42":{"start":{"line":131,"column":8},"end":{"line":135,"column":11}},"43":{"start":{"line":137,"column":8},"end":{"line":137,"column":47}},"44":{"start":{"line":141,"column":6},"end":{"line":141,"column":25}},"45":{"start":{"line":142,"column":6},"end":{"line":147,"column":9}},"46":{"start":{"line":152,"column":4},"end":{"line":152,"column":42}},"47":{"start":{"line":153,"column":4},"end":{"line":197,"column":5}},"48":{"start":{"line":154,"column":30},"end":{"line":154,"column":35}},"49":{"start":{"line":157,"column":6},"end":{"line":168,"column":7}},"50":{"start":{"line":158,"column":8},"end":{"line":166,"column":11}},"51":{"start":{"line":167,"column":8},"end":{"line":167,"column":15}},"52":{"start":{"line":170,"column":23},"end":{"line":170,"column":56}},"53":{"start":{"line":171,"column":6},"end":{"line":178,"column":7}},"54":{"start":{"line":172,"column":8},"end":{"line":175,"column":11}},"55":{"start":{"line":177,"column":8},"end":{"line":177,"column":72}},"56":{"start":{"line":180,"column":23},"end":{"line":180,"column":28}},"57":{"start":{"line":181,"column":6},"end":{"line":191,"column":7}},"58":{"start":{"line":183,"column":8},"end":{"line":190,"column":11}},"59":{"start":{"line":192,"column":6},"end":{"line":195,"column":9}},"60":{"start":{"line":196,"column":6},"end":{"line":196,"column":18}},"61":{"start":{"line":200,"column":20},"end":{"line":200,"column":40}},"62":{"start":{"line":204,"column":4},"end":{"line":210,"column":7}}},"fnMap":{"0":{"name":"(anonymous_0)","decl":{"start":{"line":17,"column":46},"end":{"line":17,"column":47}},"loc":{"start":{"line":17,"column":61},"end":{"line":212,"column":1}},"line":17},"1":{"name":"(anonymous_1)","decl":{"start":{"line":26,"column":9},"end":{"line":26,"column":10}},"loc":{"start":{"line":26,"column":50},"end":{"line":48,"column":3}},"line":26},"2":{"name":"(anonymous_2)","decl":{"start":{"line":50,"column":12},"end":{"line":50,"column":13}},"loc":{"start":{"line":50,"column":42},"end":{"line":72,"column":3}},"line":50},"3":{"name":"(anonymous_3)","decl":{"start":{"line":74,"column":15},"end":{"line":74,"column":16}},"loc":{"start":{"line":74,"column":89},"end":{"line":100,"column":3}},"line":74},"4":{"name":"(anonymous_4)","decl":{"start":{"line":102,"column":10},"end":{"line":102,"column":11}},"loc":{"start":{"line":102,"column":22},"end":{"line":118,"column":3}},"line":102},"5":{"name":"(anonymous_5)","decl":{"start":{"line":120,"column":12},"end":{"line":120,"column":13}},"loc":{"start":{"line":120,"column":24},"end":{"line":149,"column":3}},"line":120},"6":{"name":"(anonymous_6)","decl":{"start":{"line":151,"column":17},"end":{"line":151,"column":18}},"loc":{"start":{"line":151,"column":48},"end":{"line":198,"column":3}},"line":151},"7":{"name":"(anonymous_7)","decl":{"start":{"line":200,"column":14},"end":{"line":200,"column":15}},"loc":{"start":{"line":200,"column":20},"end":{"line":200,"column":40}},"line":200},"8":{"name":"(anonymous_8)","decl":{"start":{"line":203,"column":15},"end":{"line":203,"column":16}},"loc":{"start":{"line":203,"column":21},"end":{"line":211,"column":3}},"line":203}},"branchMap":{"0":{"loc":{"start":{"line":30,"column":6},"end":{"line":40,"column":7}},"type":"if","locations":[{"start":{"line":30,"column":6},"end":{"line":40,"column":7}},{"start":{"line":38,"column":13},"end":{"line":40,"column":7}}],"line":30},"1":{"loc":{"start":{"line":39,"column":24},"end":{"line":39,"column":58}},"type":"binary-expr","locations":[{"start":{"line":39,"column":24},"end":{"line":39,"column":40}},{"start":{"line":39,"column":44},"end":{"line":39,"column":58}}],"line":39},"2":{"loc":{"start":{"line":43,"column":15},"end":{"line":43,"column":70}},"type":"cond-expr","locations":[{"start":{"line":43,"column":40},"end":{"line":43,"column":53}},{"start":{"line":43,"column":56},"end":{"line":43,"column":70}}],"line":43},"3":{"loc":{"start":{"line":54,"column":6},"end":{"line":64,"column":7}},"type":"if","locations":[{"start":{"line":54,"column":6},"end":{"line":64,"column":7}},{"start":{"line":62,"column":13},"end":{"line":64,"column":7}}],"line":54},"4":{"loc":{"start":{"line":63,"column":24},"end":{"line":63,"column":65}},"type":"binary-expr","locations":[{"start":{"line":63,"column":24},"end":{"line":63,"column":40}},{"start":{"line":63,"column":44},"end":{"line":63,"column":65}}],"line":63},"5":{"loc":{"start":{"line":67,"column":15},"end":{"line":67,"column":77}},"type":"cond-expr","locations":[{"start":{"line":67,"column":40},"end":{"line":67,"column":53}},{"start":{"line":67,"column":56},"end":{"line":67,"column":77}}],"line":67},"6":{"loc":{"start":{"line":78,"column":8},"end":{"line":80,"column":58}},"type":"cond-expr","locations":[{"start":{"line":79,"column":12},"end":{"line":79,"column":59}},{"start":{"line":80,"column":12},"end":{"line":80,"column":58}}],"line":78},"7":{"loc":{"start":{"line":82,"column":6},"end":{"line":92,"column":7}},"type":"if","locations":[{"start":{"line":82,"column":6},"end":{"line":92,"column":7}},{"start":{"line":90,"column":13},"end":{"line":92,"column":7}}],"line":82},"8":{"loc":{"start":{"line":91,"column":24},"end":{"line":91,"column":65}},"type":"binary-expr","locations":[{"start":{"line":91,"column":24},"end":{"line":91,"column":40}},{"start":{"line":91,"column":44},"end":{"line":91,"column":65}}],"line":91},"9":{"loc":{"start":{"line":95,"column":15},"end":{"line":95,"column":77}},"type":"cond-expr","locations":[{"start":{"line":95,"column":40},"end":{"line":95,"column":53}},{"start":{"line":95,"column":56},"end":{"line":95,"column":77}}],"line":95},"10":{"loc":{"start":{"line":122,"column":4},"end":{"line":125,"column":5}},"type":"if","locations":[{"start":{"line":122,"column":4},"end":{"line":125,"column":5}},{"start":{},"end":{}}],"line":122},"11":{"loc":{"start":{"line":130,"column":6},"end":{"line":138,"column":7}},"type":"if","locations":[{"start":{"line":130,"column":6},"end":{"line":138,"column":7}},{"start":{"line":136,"column":13},"end":{"line":138,"column":7}}],"line":130},"12":{"loc":{"start":{"line":157,"column":6},"end":{"line":168,"column":7}},"type":"if","locations":[{"start":{"line":157,"column":6},"end":{"line":168,"column":7}},{"start":{},"end":{}}],"line":157},"13":{"loc":{"start":{"line":157,"column":10},"end":{"line":157,"column":40}},"type":"binary-expr","locations":[{"start":{"line":157,"column":10},"end":{"line":157,"column":32}},{"start":{"line":157,"column":36},"end":{"line":157,"column":40}}],"line":157},"14":{"loc":{"start":{"line":162,"column":25},"end":{"line":162,"column":61}},"type":"binary-expr","locations":[{"start":{"line":162,"column":25},"end":{"line":162,"column":41}},{"start":{"line":162,"column":45},"end":{"line":162,"column":61}}],"line":162},"15":{"loc":{"start":{"line":163,"column":19},"end":{"line":163,"column":43}},"type":"binary-expr","locations":[{"start":{"line":163,"column":19},"end":{"line":163,"column":29}},{"start":{"line":163,"column":33},"end":{"line":163,"column":43}}],"line":163},"16":{"loc":{"start":{"line":171,"column":6},"end":{"line":178,"column":7}},"type":"if","locations":[{"start":{"line":171,"column":6},"end":{"line":178,"column":7}},{"start":{"line":176,"column":13},"end":{"line":178,"column":7}}],"line":171},"17":{"loc":{"start":{"line":177,"column":24},"end":{"line":177,"column":70}},"type":"binary-expr","locations":[{"start":{"line":177,"column":24},"end":{"line":177,"column":40}},{"start":{"line":177,"column":44},"end":{"line":177,"column":70}}],"line":177},"18":{"loc":{"start":{"line":181,"column":6},"end":{"line":191,"column":7}},"type":"if","locations":[{"start":{"line":181,"column":6},"end":{"line":191,"column":7}},{"start":{},"end":{}}],"line":181},"19":{"loc":{"start":{"line":187,"column":25},"end":{"line":187,"column":61}},"type":"binary-expr","locations":[{"start":{"line":187,"column":25},"end":{"line":187,"column":41}},{"start":{"line":187,"column":45},"end":{"line":187,"column":61}}],"line":187},"20":{"loc":{"start":{"line":188,"column":19},"end":{"line":188,"column":43}},"type":"binary-expr","locations":[{"start":{"line":188,"column":19},"end":{"line":188,"column":29}},{"start":{"line":188,"column":33},"end":{"line":188,"column":43}}],"line":188},"21":{"loc":{"start":{"line":193,"column":15},"end":{"line":193,"column":82}},"type":"cond-expr","locations":[{"start":{"line":193,"column":40},"end":{"line":193,"column":53}},{"start":{"line":193,"column":56},"end":{"line":193,"column":82}}],"line":193}},"s":{"0":1,"1":1,"2":3,"3":3,"4":3,"5":3,"6":2,"7":2,"8":1,"9":1,"10":1,"11":2,"12":2,"13":2,"14":2,"15":1,"16":1,"17":1,"18":1,"19":1,"20":0,"21":0,"22":0,"23":0,"24":0,"25":0,"26":0,"27":0,"28":0,"29":2,"30":2,"31":2,"32":2,"33":2,"34":0,"35":0,"36":0,"37":0,"38":0,"39":0,"40":0,"41":0,"42":0,"43":0,"44":0,"45":0,"46":0,"47":0,"48":0,"49":0,"50":0,"51":0,"52":0,"53":0,"54":0,"55":0,"56":0,"57":0,"58":0,"59":0,"60":0,"61":1,"62":1},"f":{"0":1,"1":3,"2":2,"3":0,"4":2,"5":0,"6":0,"7":1,"8":1},"b":{"0":[2,1],"1":[1,0],"2":[1,0],"3":[1,1],"4":[1,0],"5":[1,0],"6":[0,0],"7":[0,0],"8":[0,0],"9":[0,0],"10":[0,0],"11":[0,0],"12":[0,0],"13":[0,0],"14":[0,0],"15":[0,0],"16":[0,0],"17":[0,0],"18":[0,0],"19":[0,0],"20":[0,0],"21":[0,0]},"_coverageSchema":"1a1c01bbd47fc00a2c39e90264f33305004495a9","hash":"586da3026f04ca298435c97378f746c7a971513d"}
}
